<?xml version="1.0" encoding="UTF-8"?>
<!-- Generated by org.testng.reporters.JUnitReportReporter -->
<testsuite skipped="0" hostname="ASDP1556PO01976" name="NewTest" tests="3" failures="0" timestamp="27 Jun 2018 12:36:43 GMT" time="8.394" errors="0">
  <testcase name="Step_06_Log_in_with_correct_username_and_password_and_create_new_repository_wth_name_of_existing_repository" time="4.352" classname="NewTest"/>
  <testcase name="Step_01_Open_Url" time="3.367" classname="NewTest"/>
  <testcase name="Step_02_Open_Sign_in" time="0.675" classname="NewTest"/>
</testsuite> <!-- NewTest -->
